 INFO [main] [2016 Jun 26 12:17:27] (DeDup.java:sortIntArray:40) - sortIntArray
 INFO [main] [2016 Jun 26 12:17:27] (DeDup.java:sortIntArray:40) - sortIntArray
 INFO [main] [2016 Jun 26 12:41:58] (DeDup.java:main:91) - Printing the Integer array as is...
 INFO [main] [2016 Jun 26 12:41:58] (DeDup.java:sortIntArray:40) - sortIntArray
 INFO [main] [2016 Jun 26 12:41:59] (DeDup.java:sortIntArray:40) - sortIntArray
 INFO [main] [2016 Jun 26 12:41:59] (DeDup.java:main:93) - Number of elements before removing duplicates :  78
 INFO [main] [2016 Jun 26 12:41:59] (DeDup.java:main:94) - Removing Duplicates using Set..
 INFO [main] [2016 Jun 26 12:41:59] (DeDup.java:removeDuplicatesUsingSet:78) - removeDuplicatesUsingSet()
 INFO [main] [2016 Jun 26 12:41:59] (DeDup.java:main:96) - Number of elements after removing duplicates :  28
 INFO [main] [2016 Jun 26 12:41:59] (DeDup.java:removeDuplicatesUsingSet:60) - removeDuplicatesUsingSet(int[] testArray)
 INFO [main] [2016 Jun 26 12:41:59] (DeDup.java:main:98) - Number of elements after removing duplicates - UnsortedDeDup :  28
 INFO [main] [2016 Jun 26 12:41:59] (DeDup.java:main:99) - Removing Duplicates using Array Utils..
 INFO [main] [2016 Jun 26 12:41:59] (DeDup.java:removeDuplicates:72) - removeDuplicates(int[] s)
 INFO [main] [2016 Jun 26 13:13:05] (DeDup.java:main:94) - Printing the Integer array as is...
 INFO [main] [2016 Jun 26 13:13:05] (DeDup.java:sortIntArray:40) - sortIntArray
 INFO [main] [2016 Jun 26 16:37:46] (DeDup.java:main:79) - Native....Start
 INFO [main] [2016 Jun 26 16:37:46] (DeDup.java:removeDuplicatesNative:51) - Removing duplicates using Native - Starting...
 INFO [main] [2016 Jun 26 16:37:46] (DeDup.java:removeDuplicatesNative:69) - Removing duplicates using hash set - Response Time : 218726
 INFO [main] [2016 Jun 26 16:37:46] (DeDup.java:main:81) - Native....End
 INFO [main] [2016 Jun 26 16:37:46] (DeDup.java:main:83) - Linked Hash....Start
 INFO [main] [2016 Jun 26 16:37:46] (DeDup.java:removeDuplicatesLinkedHashSet:39) - Removing duplicates using Linked Hash Set - Starting...
 INFO [main] [2016 Jun 26 16:37:46] (DeDup.java:removeDuplicatesLinkedHashSet:44) - Removing duplicates using hash set - Response Time : 505554
 INFO [main] [2016 Jun 26 16:37:46] (DeDup.java:main:85) - Linked Hash....End
 INFO [main] [2016 Jun 26 16:37:46] (DeDup.java:main:87) - Hash Set....Start
 INFO [main] [2016 Jun 26 16:37:46] (DeDup.java:removeDuplicatesHashSet:28) - Removing duplicates using Hash Set - Starting...
 INFO [main] [2016 Jun 26 16:37:46] (DeDup.java:removeDuplicatesHashSet:33) - Removing duplicates using hash set - Response Time : 180899
 INFO [main] [2016 Jun 26 16:37:46] (DeDup.java:main:89) - Hash Set....End
 INFO [main] [2016 Jun 26 16:39:36] (DeDup.java:main:79) - Native....Start
 INFO [main] [2016 Jun 26 16:39:36] (DeDup.java:removeDuplicatesNative:51) - Removing duplicates using Native - Starting...
 INFO [main] [2016 Jun 26 16:39:36] (DeDup.java:removeDuplicatesNative:69) - Removing duplicates using hash set - Response Time : 0
 INFO [main] [2016 Jun 26 16:39:36] (DeDup.java:main:81) - Native....End
 INFO [main] [2016 Jun 26 16:39:36] (DeDup.java:main:83) - Linked Hash....Start
 INFO [main] [2016 Jun 26 16:39:36] (DeDup.java:removeDuplicatesLinkedHashSet:39) - Removing duplicates using Linked Hash Set - Starting...
 INFO [main] [2016 Jun 26 16:39:36] (DeDup.java:removeDuplicatesLinkedHashSet:44) - Removing duplicates using hash set - Response Time : 1
 INFO [main] [2016 Jun 26 16:39:36] (DeDup.java:main:85) - Linked Hash....End
 INFO [main] [2016 Jun 26 16:39:36] (DeDup.java:main:87) - Hash Set....Start
 INFO [main] [2016 Jun 26 16:39:36] (DeDup.java:removeDuplicatesHashSet:28) - Removing duplicates using Hash Set - Starting...
 INFO [main] [2016 Jun 26 16:39:36] (DeDup.java:removeDuplicatesHashSet:33) - Removing duplicates using hash set - Response Time : 0
 INFO [main] [2016 Jun 26 16:39:36] (DeDup.java:main:89) - Hash Set....End
 INFO [main] [2016 Jun 26 16:53:49] (DeDup.java:main:77) - Native....Start
 INFO [main] [2016 Jun 26 16:53:49] (DeDup.java:removeDuplicatesNative:50) - Removing duplicates using Native - Starting...
 INFO [main] [2016 Jun 26 16:53:49] (DeDup.java:removeDuplicatesNative:67) - Removing duplicates using hash set - Response Time : 191110
 INFO [main] [2016 Jun 26 16:53:49] (DeDup.java:main:79) - Native....End
 INFO [main] [2016 Jun 26 16:53:49] (DeDup.java:main:81) - Linked Hash....Start
 INFO [main] [2016 Jun 26 16:53:49] (DeDup.java:removeDuplicatesLinkedHashSet:39) - Removing duplicates using Linked Hash Set - Starting...
 INFO [main] [2016 Jun 26 16:53:49] (DeDup.java:removeDuplicatesLinkedHashSet:43) - Removing duplicates using hash set - Response Time : 492181
 INFO [main] [2016 Jun 26 16:53:49] (DeDup.java:main:83) - Linked Hash....End
 INFO [main] [2016 Jun 26 16:53:49] (DeDup.java:main:85) - Hash Set....Start
 INFO [main] [2016 Jun 26 16:53:49] (DeDup.java:removeDuplicatesHashSet:28) - Removing duplicates using Hash Set - Starting...
 INFO [main] [2016 Jun 26 16:53:49] (DeDup.java:removeDuplicatesHashSet:32) - Removing duplicates using hash set - Response Time : 260077
 INFO [main] [2016 Jun 26 16:53:49] (DeDup.java:removeDuplicatesHashSet:33) - Result Array : [Ljava.lang.Integer;@7c3df479
 INFO [main] [2016 Jun 26 16:53:49] (DeDup.java:main:87) - Hash Set....End
 INFO [main] [2016 Jun 26 17:13:57] (DeDup.java:main:74) - Native....Start
 INFO [main] [2016 Jun 26 17:13:57] (DeDup.java:removeDuplicatesNative:47) - Removing duplicates using Native - Starting...
 INFO [main] [2016 Jun 26 17:13:57] (DeDup.java:removeDuplicatesNative:64) - Removing duplicates using Native - Response Time : 194351
 INFO [main] [2016 Jun 26 17:13:57] (DeDup.java:main:76) - Native....End
 INFO [main] [2016 Jun 26 17:13:57] (DeDup.java:main:78) - Linked Hash....Start
 INFO [main] [2016 Jun 26 17:13:57] (DeDup.java:removeDuplicatesLinkedHashSet:36) - Removing duplicates using Linked Hash Set - Starting...
 INFO [main] [2016 Jun 26 17:13:57] (DeDup.java:removeDuplicatesLinkedHashSet:40) - Removing duplicates using hash set - Response Time : 405379
 INFO [main] [2016 Jun 26 17:13:57] (DeDup.java:main:80) - Linked Hash....End
 INFO [main] [2016 Jun 26 17:13:57] (DeDup.java:main:82) - Hash Set....Start
 INFO [main] [2016 Jun 26 17:13:57] (DeDup.java:removeDuplicatesHashSet:25) - Removing duplicates using Hash Set - Starting...
 INFO [main] [2016 Jun 26 17:13:57] (DeDup.java:removeDuplicatesHashSet:29) - Removing duplicates using hash set - Response Time : 176468
 INFO [main] [2016 Jun 26 17:13:57] (DeDup.java:main:84) - Hash Set....End
 INFO [main] [2016 Jun 26 17:14:31] (DeDup.java:removeDuplicatesNative:47) - Removing duplicates using Native - Starting...
 INFO [main] [2016 Jun 26 17:14:31] (DeDup.java:removeDuplicatesNative:64) - Removing duplicates using Native - Response Time : 258451
 INFO [main] [2016 Jun 26 17:15:14] (DeDup.java:removeDuplicatesNative:47) - Removing duplicates using Native - Starting...
 INFO [main] [2016 Jun 26 17:15:14] (DeDup.java:removeDuplicatesNative:64) - Removing duplicates using Native - Response Time : 267267
 INFO [main] [2016 Jun 26 17:16:30] (DeDup.java:main:74) - Native....Start
 INFO [main] [2016 Jun 26 17:16:30] (DeDup.java:removeDuplicatesNative:47) - Removing duplicates using Native - Starting...
 INFO [main] [2016 Jun 26 17:16:30] (DeDup.java:removeDuplicatesNative:64) - Removing duplicates using Native - Response Time : 180619
 INFO [main] [2016 Jun 26 17:16:30] (DeDup.java:main:76) - Native....End
 INFO [main] [2016 Jun 26 17:16:30] (DeDup.java:main:78) - Linked Hash....Start
 INFO [main] [2016 Jun 26 17:16:30] (DeDup.java:removeDuplicatesLinkedHashSet:36) - Removing duplicates using Linked Hash Set - Starting...
 INFO [main] [2016 Jun 26 17:16:30] (DeDup.java:removeDuplicatesLinkedHashSet:40) - Removing duplicates using hash set - Response Time : 421173
 INFO [main] [2016 Jun 26 17:16:30] (DeDup.java:main:80) - Linked Hash....End
 INFO [main] [2016 Jun 26 17:16:30] (DeDup.java:main:82) - Hash Set....Start
 INFO [main] [2016 Jun 26 17:16:30] (DeDup.java:removeDuplicatesHashSet:25) - Removing duplicates using Hash Set - Starting...
 INFO [main] [2016 Jun 26 17:16:30] (DeDup.java:removeDuplicatesHashSet:29) - Removing duplicates using hash set - Response Time : 187403
 INFO [main] [2016 Jun 26 17:16:30] (DeDup.java:main:84) - Hash Set....End
 INFO [main] [2016 Jun 26 17:16:42] (DeDup.java:removeDuplicatesNative:47) - Removing duplicates using Native - Starting...
 INFO [main] [2016 Jun 26 17:16:42] (DeDup.java:removeDuplicatesNative:64) - Removing duplicates using Native - Response Time : 234039
 INFO [main] [2016 Jun 26 17:20:22] (DeDup.java:removeDuplicatesNative:48) - Removing duplicates using Native - Starting...
 INFO [main] [2016 Jun 26 17:20:22] (DeDup.java:removeDuplicatesNative:65) - Removing duplicates using Native - Response Time : 339699
 INFO [main] [2016 Jun 26 17:20:40] (DeDup.java:main:75) - Native....Start
 INFO [main] [2016 Jun 26 17:20:40] (DeDup.java:removeDuplicatesNative:48) - Removing duplicates using Native - Starting...
 INFO [main] [2016 Jun 26 17:20:40] (DeDup.java:removeDuplicatesNative:65) - Removing duplicates using Native - Response Time : 273308
 INFO [main] [2016 Jun 26 17:20:40] (DeDup.java:main:77) - Native....End
 INFO [main] [2016 Jun 26 17:20:40] (DeDup.java:main:79) - Linked Hash....Start
 INFO [main] [2016 Jun 26 17:20:40] (DeDup.java:removeDuplicatesLinkedHashSet:37) - Removing duplicates using Linked Hash Set - Starting...
 INFO [main] [2016 Jun 26 17:20:40] (DeDup.java:removeDuplicatesLinkedHashSet:41) - Removing duplicates using hash set - Response Time : 564235
 INFO [main] [2016 Jun 26 17:20:40] (DeDup.java:main:81) - Linked Hash....End
 INFO [main] [2016 Jun 26 17:20:40] (DeDup.java:main:83) - Hash Set....Start
 INFO [main] [2016 Jun 26 17:20:40] (DeDup.java:removeDuplicatesHashSet:25) - Removing duplicates using Hash Set - Starting...
 INFO [main] [2016 Jun 26 17:20:40] (DeDup.java:removeDuplicatesHashSet:30) - Removing duplicates using hash set - Response Time : 449387
 INFO [main] [2016 Jun 26 17:20:40] (DeDup.java:main:85) - Hash Set....End
 INFO [main] [2016 Jun 26 17:28:13] (DeDup.java:removeDuplicatesNative:47) - Removing duplicates using Native - Starting...
 INFO [main] [2016 Jun 26 17:28:13] (DeDup.java:removeDuplicatesNative:64) - Removing duplicates using Native - Response Time : 275946
 INFO [main] [2016 Jun 26 17:42:57] (DeDup.java:main:74) - Native....Start
 INFO [main] [2016 Jun 26 17:42:57] (DeDup.java:removeDuplicatesNative:47) - Removing duplicates using Native - Starting...
 INFO [main] [2016 Jun 26 17:42:57] (DeDup.java:removeDuplicatesNative:64) - Removing duplicates using Native - Response Time : 283889
 INFO [main] [2016 Jun 26 17:42:57] (DeDup.java:removeDuplicatesNative:47) - Removing duplicates using Native - Starting...
 INFO [main] [2016 Jun 26 17:42:57] (DeDup.java:removeDuplicatesNative:64) - Removing duplicates using Native - Response Time : 164736
 INFO [main] [2016 Jun 26 17:42:57] (DeDup.java:main:76) - Native....End : 28
 INFO [main] [2016 Jun 26 17:42:57] (DeDup.java:main:78) - Linked Hash....Start
 INFO [main] [2016 Jun 26 17:42:57] (DeDup.java:removeDuplicatesLinkedHashSet:36) - Removing duplicates using Linked Hash Set - Starting...
 INFO [main] [2016 Jun 26 17:42:57] (DeDup.java:removeDuplicatesLinkedHashSet:40) - Removing duplicates using hash set - Response Time : 566452
 INFO [main] [2016 Jun 26 17:42:57] (DeDup.java:removeDuplicatesLinkedHashSet:36) - Removing duplicates using Linked Hash Set - Starting...
 INFO [main] [2016 Jun 26 17:42:57] (DeDup.java:removeDuplicatesLinkedHashSet:40) - Removing duplicates using hash set - Response Time : 109055
 INFO [main] [2016 Jun 26 17:42:57] (DeDup.java:main:80) - Linked Hash....End : 28
 INFO [main] [2016 Jun 26 17:42:57] (DeDup.java:main:82) - Hash Set....Start
 INFO [main] [2016 Jun 26 17:42:57] (DeDup.java:removeDuplicatesHashSet:25) - Removing duplicates using Hash Set - Starting...
 INFO [main] [2016 Jun 26 17:42:57] (DeDup.java:removeDuplicatesHashSet:29) - Removing duplicates using hash set - Response Time : 245053
 INFO [main] [2016 Jun 26 17:42:57] (DeDup.java:removeDuplicatesHashSet:25) - Removing duplicates using Hash Set - Starting...
 INFO [main] [2016 Jun 26 17:42:57] (DeDup.java:removeDuplicatesHashSet:29) - Removing duplicates using hash set - Response Time : 126580
 INFO [main] [2016 Jun 26 17:42:57] (DeDup.java:main:84) - Hash Set....End : 28
 INFO [main] [2016 Jun 26 17:45:20] (DeDup.java:removeDuplicatesNative:47) - Removing duplicates using Native - Starting...
 INFO [main] [2016 Jun 26 17:45:20] (DeDup.java:removeDuplicatesNative:64) - Removing duplicates using Native - Response Time : 255592
 INFO [main] [2016 Jun 26 17:46:33] (DeDup.java:removeDuplicatesNative:47) - Removing duplicates using Native - Starting...
 INFO [main] [2016 Jun 26 17:46:33] (DeDup.java:removeDuplicatesNative:64) - Removing duplicates using Native - Response Time : 262233
 INFO [main] [2016 Jun 26 17:47:31] (DeDup.java:removeDuplicatesNative:47) - Removing duplicates using Native - Starting...
 INFO [main] [2016 Jun 26 17:47:31] (DeDup.java:removeDuplicatesNative:64) - Removing duplicates using Native - Response Time : 211067
 INFO [main] [2016 Jun 26 17:50:17] (DeDup.java:removeDuplicatesNative:47) - Removing duplicates using Native - Starting...
 INFO [main] [2016 Jun 26 17:50:17] (DeDup.java:removeDuplicatesNative:64) - Removing duplicates using Native - Response Time : 236147
 INFO [main] [2016 Jun 26 17:50:17] (DeDup.java:removeDuplicatesLinkedHashSet:36) - Removing duplicates using Linked Hash Set - Starting...
 INFO [main] [2016 Jun 26 17:50:17] (DeDup.java:removeDuplicatesLinkedHashSet:40) - Removing duplicates using hash set - Response Time : 210188
 INFO [main] [2016 Jun 26 17:50:17] (DeDup.java:removeDuplicatesHashSet:25) - Removing duplicates using Hash Set - Starting...
 INFO [main] [2016 Jun 26 17:50:17] (DeDup.java:removeDuplicatesHashSet:29) - Removing duplicates using hash set - Response Time : 256635
 INFO [main] [2016 Jun 26 17:52:10] (DeDup.java:removeDuplicatesNative:47) - Removing duplicates using Native - Starting...
 INFO [main] [2016 Jun 26 17:52:10] (DeDup.java:removeDuplicatesNative:64) - Removing duplicates using Native - Response Time : 243881
 INFO [main] [2016 Jun 26 17:52:10] (DeDup.java:removeDuplicatesLinkedHashSet:36) - Removing duplicates using Linked Hash Set - Starting...
 INFO [main] [2016 Jun 26 17:52:10] (DeDup.java:removeDuplicatesLinkedHashSet:40) - Removing duplicates using hash set - Response Time : 236207
 INFO [main] [2016 Jun 26 17:52:10] (DeDup.java:removeDuplicatesHashSet:25) - Removing duplicates using Hash Set - Starting...
 INFO [main] [2016 Jun 26 17:52:10] (DeDup.java:removeDuplicatesHashSet:29) - Removing duplicates using hash set - Response Time : 284439
 INFO [main] [2016 Jun 26 17:56:15] (DeDup.java:removeDuplicatesNative:47) - Removing duplicates using Native - Starting...
 INFO [main] [2016 Jun 26 17:56:15] (DeDup.java:removeDuplicatesNative:64) - Removing duplicates using Native - Response Time : 265850
 INFO [main] [2016 Jun 26 17:56:15] (DeDup.java:removeDuplicatesLinkedHashSet:36) - Removing duplicates using Linked Hash Set - Starting...
 INFO [main] [2016 Jun 26 17:56:15] (DeDup.java:removeDuplicatesLinkedHashSet:40) - Removing duplicates using hash set - Response Time : 209457
 INFO [main] [2016 Jun 26 17:56:15] (DeDup.java:removeDuplicatesHashSet:25) - Removing duplicates using Hash Set - Starting...
 INFO [main] [2016 Jun 26 17:56:15] (DeDup.java:removeDuplicatesHashSet:29) - Removing duplicates using hash set - Response Time : 427054
 INFO [main] [2016 Jun 26 17:57:41] (DeDup.java:removeDuplicatesNative:47) - Removing duplicates using Native - Starting...
 INFO [main] [2016 Jun 26 17:57:41] (DeDup.java:removeDuplicatesNative:64) - Removing duplicates using Native - Response Time : 263518
 INFO [main] [2016 Jun 26 17:57:41] (DeDup.java:removeDuplicatesLinkedHashSet:36) - Removing duplicates using Linked Hash Set - Starting...
 INFO [main] [2016 Jun 26 17:57:41] (DeDup.java:removeDuplicatesLinkedHashSet:40) - Removing duplicates using hash set - Response Time : 209754
 INFO [main] [2016 Jun 26 17:57:41] (DeDup.java:removeDuplicatesHashSet:25) - Removing duplicates using Hash Set - Starting...
 INFO [main] [2016 Jun 26 17:57:41] (DeDup.java:removeDuplicatesHashSet:29) - Removing duplicates using hash set - Response Time : 269469
 INFO [main] [2016 Jun 26 18:01:50] (DeDup.java:removeDuplicatesNative:47) - Removing duplicates using Native - Starting...
 INFO [main] [2016 Jun 26 18:01:50] (DeDup.java:removeDuplicatesNative:64) - Removing duplicates using Native - Response Time : 261151
 INFO [main] [2016 Jun 26 18:01:50] (DeDup.java:removeDuplicatesLinkedHashSet:36) - Removing duplicates using Linked Hash Set - Starting...
 INFO [main] [2016 Jun 26 18:01:50] (DeDup.java:removeDuplicatesLinkedHashSet:40) - Removing duplicates using hash set - Response Time : 443934
 INFO [main] [2016 Jun 26 18:01:50] (DeDup.java:removeDuplicatesHashSet:25) - Removing duplicates using Hash Set - Starting...
 INFO [main] [2016 Jun 26 18:01:50] (DeDup.java:removeDuplicatesHashSet:29) - Removing duplicates using hash set - Response Time : 265312
